$ ./topk_query.py -m ./pref-embedding-gemma/checkpoint-2350/ -a ./trained.txt
INFO:datasets:PyTorch version 2.8.0+cu128 available.
INFO:datasets:Polars version 1.33.1 available.
INFO:sentence_transformers.SentenceTransformer:Load pretrained SentenceTransformer: ./pref-embedding-gemma/checkpoint-2350/
INFO:sentence_transformers.SentenceTransformer:14 prompts are loaded, with the keys: ['query', 'document', 'BitextMining', 'Clustering', 'Classification', 'InstructionRetrieval', 'MultilabelClassification', 'PairClassification', 'Reranking', 'Retrieval', 'Retrieval-query', 'Retrieval-document', 'STS', 'Summarization']
東京スカイツリー
Batches: 100%|███████████████████████████████████████████████████████████████████████████████████████████| 1/1 [00:00<00:00,  3.27it/s]
東京スカイツリー:
  #0    神奈川県        0.1435286113440675
  #1    茨城県  0.28738742636834774
  #2    千葉県  0.3120462149559111
  #3    新潟県  0.3431178095402291
  #4    群馬県  0.39558708968393547
  #5    埼玉県  0.4078538903341744
  #6    栃木県  0.4119048716997532
  #7    山梨県  0.41444968770714835
  #8    長野県  0.44029648761660317
  #9    東京都  0.4703946559726515
  #10   岩手県  0.5136744650936278
墨田区
Batches: 100%|███████████████████████████████████████████████████████████████████████████████████████████| 1/1 [00:00<00:00, 13.45it/s]
墨田区:
  #0    茨城県  0.09587452281870784
  #1    神奈川県        0.12267767729825449
  #2    新潟県  0.12533032278102116
  #3    群馬県  0.21786698396089654
  #4    岩手県  0.30977511325678253
  #5    山形県  0.31351978575406925
  #6    秋田県  0.32555140244707875
  #7    青森県  0.3507616057317079
  #8    宮城県  0.3865374087458285
  #9    千葉県  0.4469599139596819
  #10   山梨県  0.49096928600455364
東京都墨田区
Batches: 100%|███████████████████████████████████████████████████████████████████████████████████████████| 1/1 [00:00<00:00, 13.43it/s]
東京都墨田区:
  #0    神奈川県        0.08784597441517668
  #1    茨城県  0.1563069731395313
  #2    新潟県  0.20858132368384455
  #3    群馬県  0.27487784282695615
  #4    千葉県  0.3439405260685612
  #5    岩手県  0.39612372546635854
  #6    山形県  0.40560949669452273
  #7    山梨県  0.4162757157028347
  #8    秋田県  0.4175103998905012
  #9    埼玉県  0.4291595454445433
  #10   青森県  0.44585610106916307
浅草
Batches: 100%|███████████████████████████████████████████████████████████████████████████████████████████| 1/1 [00:00<00:00, 13.27it/s]
浅草:
  #0    神奈川県        0.4987589661395185
  #1    茨城県  0.606340535451351
  #2    千葉県  0.6192165954540754
  #3    新潟県  0.6324036033503355
  #4    栃木県  0.6682358244968698
  #5    群馬県  0.6700109530114902
  #6    埼玉県  0.6799231807146664
  #7    山梨県  0.6974882445665841
  #8    東京都  0.7002445889408148
  #9    長野県  0.706020635242673
  #10   石川県  0.716382914170258
東京都台東区
Batches: 100%|███████████████████████████████████████████████████████████████████████████████████████████| 1/1 [00:00<00:00, 12.75it/s]
東京都台東区:
  #0    千葉県  0.19460248023619708
  #1    神奈川県        0.19913456263996196
  #2    茨城県  0.3101438001687239
  #3    埼玉県  0.31247927511503876
  #4    栃木県  0.31569246376165633
  #5    山梨県  0.3178167591576516
  #6    長野県  0.34827014566619957
  #7    新潟県  0.375915449320725
  #8    東京都  0.387968704072796
  #9    群馬県  0.41708566807209574
  #10   福島県  0.49757625522670323
