$ ./topk_query.py
INFO:datasets:PyTorch version 2.8.0+cu128 available.
INFO:datasets:Polars version 1.33.1 available.
INFO:sentence_transformers.SentenceTransformer:Load pretrained SentenceTransformer: google/embeddinggemma-300m
INFO:sentence_transformers.SentenceTransformer:14 prompts are loaded, with the keys: ['query', 'document', 'BitextMining', 'Clustering', 'Classification', 'InstructionRetrieval', 'MultilabelClassification', 'PairClassification', 'Reranking', 'Retrieval', 'Retrieval-query', 'Retrieval-document', 'STS', 'Summarization']
東京スカイツリー
Batches: 100%|███████████████████████████████████████████████████████████████████████████████████████████| 1/1 [00:00<00:00,  2.96it/s]
東京スカイツリー:
  #0    東京都  0.2893104121674045
  #1    埼玉県  0.33468679418019687
  #2    大阪府  0.33618486181079876
  #3    京都府  0.33685055350802706
  #4    北海道  0.3428733068258302
  #5    広島県  0.3642171057475893
  #6    沖縄県  0.37673900375730923
  #7    熊本県  0.37734167096565224
  #8    山梨県  0.37753402181974605
  #9    岐阜県  0.38255169867896
  #10   兵庫県  0.3849172183316522
墨田区
Batches: 100%|███████████████████████████████████████████████████████████████████████████████████████████| 1/1 [00:00<00:00, 13.51it/s]
墨田区:
  #0    東京都  0.3137753847393759
  #1    埼玉県  0.33027345765086275
  #2    大阪府  0.3595901849640166
  #3    京都府  0.3689502418264341
  #4    北海道  0.3758450100664901
  #5    広島県  0.3887678198670387
  #6    石川県  0.3910793254927149
  #7    宮城県  0.39403593254880603
  #8    熊本県  0.3949469141060762
  #9    沖縄県  0.40231518565960644
  #10   岩手県  0.4040581920395957
東京都墨田区
Batches: 100%|███████████████████████████████████████████████████████████████████████████████████████████| 1/1 [00:00<00:00, 13.75it/s]
東京都墨田区:
  #0    東京都  0.21748572693367277
  #1    大阪府  0.3053324526787328
  #2    京都府  0.32992412835856744
  #3    埼玉県  0.33129027144956547
  #4    北海道  0.35208732580437657
  #5    兵庫県  0.36168738201781747
  #6    広島県  0.365780249157576
  #7    沖縄県  0.37092094875855547
  #8    栃木県  0.3720132529380831
  #9    熊本県  0.37308350094948883
  #10   岐阜県  0.37484012880138917
浅草
Batches: 100%|███████████████████████████████████████████████████████████████████████████████████████████| 1/1 [00:00<00:00, 14.07it/s]
浅草:
  #0    埼玉県  0.38648538649253755
  #1    東京都  0.4257782495461994
  #2    北海道  0.43181944026068986
  #3    石川県  0.4399741549016083
  #4    京都府  0.4406927314503315
  #5    大阪府  0.44185193195962313
  #6    熊本県  0.44464146119597947
  #7    広島県  0.44770137891935685
  #8    岐阜県  0.4490589599582695
  #9    沖縄県  0.4492418943860162
  #10   奈良県  0.45052499356648434
東京都台東区
Batches: 100%|███████████████████████████████████████████████████████████████████████████████████████████| 1/1 [00:00<00:00, 13.94it/s]
東京都台東区:
  #0    東京都  0.2243977385875849
  #1    大阪府  0.31291625937502027
  #2    埼玉県  0.3375788318340126
  #3    京都府  0.346942108960455
  #4    北海道  0.35511312942330436
  #5    兵庫県  0.3680601986038886
  #6    栃木県  0.37401588252222573
  #7    沖縄県  0.37476171491517535
  #8    熊本県  0.382428281796138
  #9    広島県  0.38557147301905187
  #10   山梨県  0.38960123174946915
